[2026-04-08 13:51:42.326] [puff::index::jointLog] [info] Running fixFasta
[2026-04-08 13:51:42.327] [puff::index::jointLog] [info] Replaced 0 non-ATCG nucleotides
[2026-04-08 13:51:42.327] [puff::index::jointLog] [info] Clipped poly-A tails from 0 transcripts
[2026-04-08 13:51:42.328] [puff::index::jointLog] [info] Filter size not provided; estimating from number of distinct k-mers
[2026-04-08 13:51:42.328] [puff::index::jointLog] [info] ntHll estimated 47888 distinct k-mers, setting filter size to 2^20
[2026-04-08 13:51:42.343] [puff::index::jointLog] [info] Starting the Pufferfish indexing by reading the GFA binary file.
[2026-04-08 13:51:42.343] [puff::index::jointLog] [info] Setting the index/BinaryGfa directory /home/paula-di-santo/Documents/Meliloti_sequences/Nextflow_pipeline/salmon_index/H_signatures_unique
[2026-04-08 13:51:42.343] [puff::index::jointLog] [info] Done wrapping the rank vector with a rank9sel structure.
[2026-04-08 13:51:42.343] [puff::index::jointLog] [info] contig count for validation: 412
[2026-04-08 13:51:42.343] [puff::index::jointLog] [info] Total # of Contigs : 412
[2026-04-08 13:51:42.343] [puff::index::jointLog] [info] Total # of numerical Contigs : 412
[2026-04-08 13:51:42.343] [puff::index::jointLog] [info] Total # of contig vec entries: 413
[2026-04-08 13:51:42.343] [puff::index::jointLog] [info] bits per offset entry 9
[2026-04-08 13:51:42.343] [puff::index::jointLog] [info] Done constructing the contig vector. 413
[2026-04-08 13:51:42.344] [puff::index::jointLog] [info] # segments = 412
[2026-04-08 13:51:42.344] [puff::index::jointLog] [info] total length = 9,879
[2026-04-08 13:51:42.344] [puff::index::jointLog] [info] Reading the reference files ...
[2026-04-08 13:51:42.344] [puff::index::jointLog] [info] positional integer width = 14
[2026-04-08 13:51:42.344] [puff::index::jointLog] [info] seqSize = 9,879
[2026-04-08 13:51:42.344] [puff::index::jointLog] [info] rankSize = 9,879
[2026-04-08 13:51:42.344] [puff::index::jointLog] [info] edgeVecSize = 0
[2026-04-08 13:51:42.344] [puff::index::jointLog] [info] num keys = 1,639
[2026-04-08 13:51:42.344] [puff::index::jointLog] [info] Writing contig sequences to temporary FASTA for SSHash ...
[2026-04-08 13:51:42.344] [puff::index::jointLog] [info] Wrote 412 contigs to temporary FASTA.
[2026-04-08 13:51:42.344] [puff::index::jointLog] [info] Building SSHash dictionary ...
[2026-04-08 13:51:42.344] [puff::index::jointLog] [info] Using minimizer length m = 17
[2026-04-08 13:51:42.345] [puff::index::jointLog] [info] SSHash dictionary built: 1,639 kmers, 412 strings
[2026-04-08 13:51:42.346] [puff::index::jointLog] [info] Saving SSHash dictionary to /home/paula-di-santo/Documents/Meliloti_sequences/Nextflow_pipeline/salmon_index/H_signatures_unique/sshash.bin ...
[2026-04-08 13:51:42.346] [puff::index::jointLog] [info] writing index components
[2026-04-08 13:51:42.346] [puff::index::jointLog] [info] finished writing SSHash pufferfish index
[2026-04-08 14:08:14.574] [puff::index::jointLog] [info] Running fixFasta
[2026-04-08 14:08:14.576] [puff::index::jointLog] [info] Replaced 0 non-ATCG nucleotides
[2026-04-08 14:08:14.576] [puff::index::jointLog] [info] Clipped poly-A tails from 0 transcripts
[2026-04-08 14:08:14.576] [puff::index::jointLog] [info] Filter size not provided; estimating from number of distinct k-mers
[2026-04-08 14:08:14.576] [puff::index::jointLog] [info] ntHll estimated 47888 distinct k-mers, setting filter size to 2^20
[2026-04-08 14:08:14.596] [puff::index::jointLog] [info] Starting the Pufferfish indexing by reading the GFA binary file.
[2026-04-08 14:08:14.596] [puff::index::jointLog] [info] Setting the index/BinaryGfa directory /home/paula-di-santo/Documents/Meliloti_sequences/Nextflow_pipeline/salmon_index/H_signatures_unique
[2026-04-08 14:08:14.597] [puff::index::jointLog] [info] Done wrapping the rank vector with a rank9sel structure.
[2026-04-08 14:08:14.597] [puff::index::jointLog] [info] contig count for validation: 412
[2026-04-08 14:08:14.597] [puff::index::jointLog] [info] Total # of Contigs : 412
[2026-04-08 14:08:14.597] [puff::index::jointLog] [info] Total # of numerical Contigs : 412
[2026-04-08 14:08:14.597] [puff::index::jointLog] [info] Total # of contig vec entries: 413
[2026-04-08 14:08:14.597] [puff::index::jointLog] [info] bits per offset entry 9
[2026-04-08 14:08:14.597] [puff::index::jointLog] [info] Done constructing the contig vector. 413
[2026-04-08 14:08:14.597] [puff::index::jointLog] [info] # segments = 412
[2026-04-08 14:08:14.597] [puff::index::jointLog] [info] total length = 9,879
[2026-04-08 14:08:14.597] [puff::index::jointLog] [info] Reading the reference files ...
[2026-04-08 14:08:14.598] [puff::index::jointLog] [info] positional integer width = 14
[2026-04-08 14:08:14.598] [puff::index::jointLog] [info] seqSize = 9,879
[2026-04-08 14:08:14.598] [puff::index::jointLog] [info] rankSize = 9,879
[2026-04-08 14:08:14.598] [puff::index::jointLog] [info] edgeVecSize = 0
[2026-04-08 14:08:14.598] [puff::index::jointLog] [info] num keys = 1,639
[2026-04-08 14:08:14.598] [puff::index::jointLog] [info] Writing contig sequences to temporary FASTA for SSHash ...
[2026-04-08 14:08:14.598] [puff::index::jointLog] [info] Wrote 412 contigs to temporary FASTA.
[2026-04-08 14:08:14.598] [puff::index::jointLog] [info] Building SSHash dictionary ...
[2026-04-08 14:08:14.598] [puff::index::jointLog] [info] Using minimizer length m = 17
[2026-04-08 14:08:14.601] [puff::index::jointLog] [info] SSHash dictionary built: 1,639 kmers, 412 strings
[2026-04-08 14:08:14.601] [puff::index::jointLog] [info] Saving SSHash dictionary to /home/paula-di-santo/Documents/Meliloti_sequences/Nextflow_pipeline/salmon_index/H_signatures_unique/sshash.bin ...
[2026-04-08 14:08:14.601] [puff::index::jointLog] [info] writing index components
[2026-04-08 14:08:14.601] [puff::index::jointLog] [info] finished writing SSHash pufferfish index
[2026-04-08 14:12:25.313] [puff::index::jointLog] [info] Running fixFasta
[2026-04-08 14:12:25.314] [puff::index::jointLog] [info] Replaced 0 non-ATCG nucleotides
[2026-04-08 14:12:25.314] [puff::index::jointLog] [info] Clipped poly-A tails from 0 transcripts
[2026-04-08 14:12:25.315] [puff::index::jointLog] [info] Filter size not provided; estimating from number of distinct k-mers
[2026-04-08 14:12:25.315] [puff::index::jointLog] [info] ntHll estimated 47888 distinct k-mers, setting filter size to 2^20
[2026-04-08 14:12:25.333] [puff::index::jointLog] [info] Starting the Pufferfish indexing by reading the GFA binary file.
[2026-04-08 14:12:25.333] [puff::index::jointLog] [info] Setting the index/BinaryGfa directory /home/paula-di-santo/Documents/Meliloti_sequences/Nextflow_pipeline/salmon_index/H_signatures_unique
[2026-04-08 14:12:25.333] [puff::index::jointLog] [info] Done wrapping the rank vector with a rank9sel structure.
[2026-04-08 14:12:25.333] [puff::index::jointLog] [info] contig count for validation: 412
[2026-04-08 14:12:25.334] [puff::index::jointLog] [info] Total # of Contigs : 412
[2026-04-08 14:12:25.334] [puff::index::jointLog] [info] Total # of numerical Contigs : 412
[2026-04-08 14:12:25.334] [puff::index::jointLog] [info] Total # of contig vec entries: 413
[2026-04-08 14:12:25.334] [puff::index::jointLog] [info] bits per offset entry 9
[2026-04-08 14:12:25.334] [puff::index::jointLog] [info] Done constructing the contig vector. 413
[2026-04-08 14:12:25.334] [puff::index::jointLog] [info] # segments = 412
[2026-04-08 14:12:25.334] [puff::index::jointLog] [info] total length = 9,879
[2026-04-08 14:12:25.334] [puff::index::jointLog] [info] Reading the reference files ...
[2026-04-08 14:12:25.334] [puff::index::jointLog] [info] positional integer width = 14
[2026-04-08 14:12:25.334] [puff::index::jointLog] [info] seqSize = 9,879
[2026-04-08 14:12:25.334] [puff::index::jointLog] [info] rankSize = 9,879
[2026-04-08 14:12:25.334] [puff::index::jointLog] [info] edgeVecSize = 0
[2026-04-08 14:12:25.334] [puff::index::jointLog] [info] num keys = 1,639
[2026-04-08 14:12:25.334] [puff::index::jointLog] [info] Writing contig sequences to temporary FASTA for SSHash ...
[2026-04-08 14:12:25.335] [puff::index::jointLog] [info] Wrote 412 contigs to temporary FASTA.
[2026-04-08 14:12:25.335] [puff::index::jointLog] [info] Building SSHash dictionary ...
[2026-04-08 14:12:25.335] [puff::index::jointLog] [info] Using minimizer length m = 17
[2026-04-08 14:12:25.337] [puff::index::jointLog] [info] SSHash dictionary built: 1,639 kmers, 412 strings
[2026-04-08 14:12:25.337] [puff::index::jointLog] [info] Saving SSHash dictionary to /home/paula-di-santo/Documents/Meliloti_sequences/Nextflow_pipeline/salmon_index/H_signatures_unique/sshash.bin ...
[2026-04-08 14:12:25.337] [puff::index::jointLog] [info] writing index components
[2026-04-08 14:12:25.337] [puff::index::jointLog] [info] finished writing SSHash pufferfish index
[2026-04-08 15:13:42.910] [puff::index::jointLog] [info] Running fixFasta
[2026-04-08 15:13:42.913] [puff::index::jointLog] [info] Replaced 0 non-ATCG nucleotides
[2026-04-08 15:13:42.913] [puff::index::jointLog] [info] Clipped poly-A tails from 0 transcripts
[2026-04-08 15:13:42.913] [puff::index::jointLog] [info] Filter size not provided; estimating from number of distinct k-mers
[2026-04-08 15:13:42.914] [puff::index::jointLog] [info] ntHll estimated 47888 distinct k-mers, setting filter size to 2^20
[2026-04-08 15:13:42.938] [puff::index::jointLog] [info] Starting the Pufferfish indexing by reading the GFA binary file.
[2026-04-08 15:13:42.938] [puff::index::jointLog] [info] Setting the index/BinaryGfa directory /home/paula-di-santo/Documents/Meliloti_sequences/Nextflow_pipeline/salmon_index/H_signatures_unique
[2026-04-08 15:13:42.938] [puff::index::jointLog] [info] Done wrapping the rank vector with a rank9sel structure.
[2026-04-08 15:13:42.938] [puff::index::jointLog] [info] contig count for validation: 412
[2026-04-08 15:13:42.938] [puff::index::jointLog] [info] Total # of Contigs : 412
[2026-04-08 15:13:42.938] [puff::index::jointLog] [info] Total # of numerical Contigs : 412
[2026-04-08 15:13:42.938] [puff::index::jointLog] [info] Total # of contig vec entries: 413
[2026-04-08 15:13:42.938] [puff::index::jointLog] [info] bits per offset entry 9
[2026-04-08 15:13:42.938] [puff::index::jointLog] [info] Done constructing the contig vector. 413
[2026-04-08 15:13:42.939] [puff::index::jointLog] [info] # segments = 412
[2026-04-08 15:13:42.939] [puff::index::jointLog] [info] total length = 9,879
[2026-04-08 15:13:42.939] [puff::index::jointLog] [info] Reading the reference files ...
[2026-04-08 15:13:42.940] [puff::index::jointLog] [info] positional integer width = 14
[2026-04-08 15:13:42.940] [puff::index::jointLog] [info] seqSize = 9,879
[2026-04-08 15:13:42.940] [puff::index::jointLog] [info] rankSize = 9,879
[2026-04-08 15:13:42.940] [puff::index::jointLog] [info] edgeVecSize = 0
[2026-04-08 15:13:42.940] [puff::index::jointLog] [info] num keys = 1,639
[2026-04-08 15:13:42.940] [puff::index::jointLog] [info] Writing contig sequences to temporary FASTA for SSHash ...
[2026-04-08 15:13:42.940] [puff::index::jointLog] [info] Wrote 412 contigs to temporary FASTA.
[2026-04-08 15:13:42.940] [puff::index::jointLog] [info] Building SSHash dictionary ...
[2026-04-08 15:13:42.940] [puff::index::jointLog] [info] Using minimizer length m = 17
[2026-04-08 15:13:42.942] [puff::index::jointLog] [info] SSHash dictionary built: 1,639 kmers, 412 strings
[2026-04-08 15:13:42.942] [puff::index::jointLog] [info] Saving SSHash dictionary to /home/paula-di-santo/Documents/Meliloti_sequences/Nextflow_pipeline/salmon_index/H_signatures_unique/sshash.bin ...
[2026-04-08 15:13:42.943] [puff::index::jointLog] [info] writing index components
[2026-04-08 15:13:42.943] [puff::index::jointLog] [info] finished writing SSHash pufferfish index
[2026-04-08 17:00:56.255] [puff::index::jointLog] [info] Running fixFasta
[2026-04-08 17:00:56.256] [puff::index::jointLog] [info] Replaced 0 non-ATCG nucleotides
[2026-04-08 17:00:56.256] [puff::index::jointLog] [info] Clipped poly-A tails from 0 transcripts
[2026-04-08 17:00:56.257] [puff::index::jointLog] [info] Filter size not provided; estimating from number of distinct k-mers
[2026-04-08 17:00:56.257] [puff::index::jointLog] [info] ntHll estimated 47888 distinct k-mers, setting filter size to 2^20
[2026-04-08 17:00:56.274] [puff::index::jointLog] [info] Starting the Pufferfish indexing by reading the GFA binary file.
[2026-04-08 17:00:56.274] [puff::index::jointLog] [info] Setting the index/BinaryGfa directory /home/paula-di-santo/Documents/Meliloti_sequences/Nextflow_pipeline/salmon_index/H_signatures_unique
[2026-04-08 17:00:56.274] [puff::index::jointLog] [info] Done wrapping the rank vector with a rank9sel structure.
[2026-04-08 17:00:56.274] [puff::index::jointLog] [info] contig count for validation: 412
[2026-04-08 17:00:56.274] [puff::index::jointLog] [info] Total # of Contigs : 412
[2026-04-08 17:00:56.274] [puff::index::jointLog] [info] Total # of numerical Contigs : 412
[2026-04-08 17:00:56.274] [puff::index::jointLog] [info] Total # of contig vec entries: 413
[2026-04-08 17:00:56.274] [puff::index::jointLog] [info] bits per offset entry 9
[2026-04-08 17:00:56.274] [puff::index::jointLog] [info] Done constructing the contig vector. 413
[2026-04-08 17:00:56.274] [puff::index::jointLog] [info] # segments = 412
[2026-04-08 17:00:56.274] [puff::index::jointLog] [info] total length = 9,879
[2026-04-08 17:00:56.274] [puff::index::jointLog] [info] Reading the reference files ...
[2026-04-08 17:00:56.275] [puff::index::jointLog] [info] positional integer width = 14
[2026-04-08 17:00:56.275] [puff::index::jointLog] [info] seqSize = 9,879
[2026-04-08 17:00:56.275] [puff::index::jointLog] [info] rankSize = 9,879
[2026-04-08 17:00:56.275] [puff::index::jointLog] [info] edgeVecSize = 0
[2026-04-08 17:00:56.275] [puff::index::jointLog] [info] num keys = 1,639
[2026-04-08 17:00:56.275] [puff::index::jointLog] [info] Writing contig sequences to temporary FASTA for SSHash ...
[2026-04-08 17:00:56.275] [puff::index::jointLog] [info] Wrote 412 contigs to temporary FASTA.
[2026-04-08 17:00:56.275] [puff::index::jointLog] [info] Building SSHash dictionary ...
[2026-04-08 17:00:56.275] [puff::index::jointLog] [info] Using minimizer length m = 17
[2026-04-08 17:00:56.276] [puff::index::jointLog] [info] SSHash dictionary built: 1,639 kmers, 412 strings
[2026-04-08 17:00:56.276] [puff::index::jointLog] [info] Saving SSHash dictionary to /home/paula-di-santo/Documents/Meliloti_sequences/Nextflow_pipeline/salmon_index/H_signatures_unique/sshash.bin ...
[2026-04-08 17:00:56.276] [puff::index::jointLog] [info] writing index components
[2026-04-08 17:00:56.277] [puff::index::jointLog] [info] finished writing SSHash pufferfish index
